Tables:
  Away PWR RTG
  East Region Seeds
  Games
  Home PWR RTG
  Midwest Region Seeds
  OPPG
  Overall PWR RTG
  PPG
  SOS PWR RTG
  South Region Seeds
  West Region Seeds

Games:
  Final: 33°45′27″N 84°24′3″W
  South Regional: 32°42′18″N 97°07′22″W
  South 6-11 3-14: 30°15′N 97°45′W
  South 1-16 8-9: 39°05′59″N 94°34′42″W
  South 7-10 2-15: 39°57′12″N 75°10′12″W
  South 5-12 4-13: 42°41′15″N 83°14′03″W
  West Regional: 34°03′N 118°15′W
  West 1-16 8-9: 40°45′0″N 111°53′0″W
  West 6-11 3-14: 40°45′0″N 111°53′0″W
  West 7-10 2-15: 39°45′34″N 84°11′30″W
  West 5-12 4-13: 39°05′59″N 94°34′42″W
  East Regional: 38°53′42.4″N 77°02′12.0″W
  East 6-11 3-14: 38°01′47″N 84°29′41″W
  East 5-12 4-13: 37°20′N 121°54′W
  East 1-16 8-9: 39°45′34″N 84°11′30″W
  East 7-10 2-15: 30°15′N 97°45′W
  Midwest Regional: 39°46′N 86°9′W
  Midwest 7-10 2-15: 39°57′12″N 75°10′12″W
  Midwest 6-11 3-14: 42°41′15″N 83°14′03″W
  Midwest 1-16 8-9: 38°01′47″N 84°29′41″W
  Midwest 5-12 4-13: 37°20′N 121°54′W
